2020-03-23 21:42:44,270: Training with <function train_cnn_with_faces_keras at 0x10f9ee4d0> took 1074.630350112915 seconds
2020-03-23 21:58:25,591: Training with <function train_cnn_with_faces_keras at 0x10f38f4d0> took 813.1401028633118 seconds
2020-03-23 22:36:06,589: Training with <function train_cnn_with_faces_keras at 0x1122f44d0> took 422.29491782188416 seconds
2020-03-23 22:46:01,911: Training with <function train_cnn_with_faces_keras at 0x1041284d0> took 450.9833142757416 seconds
2020-03-30 15:46:29,348: Training with <function train_mlp at 0x116c84cb0> took 106.14849424362183 seconds
2020-03-30 15:50:50,409: Training with <function train_mlp at 0x1174facb0> took 211.28396797180176 seconds
2020-03-30 19:04:29,859: Training with <function train_cnn_with_keras at 0x10ef06680> took 23.97198724746704 seconds
2020-03-30 19:30:25,456: Training with <function train_cnn_with_keras at 0x112842680> took 28.093721866607666 seconds
2020-03-30 19:34:21,194: Training with <function train_cnn_with_keras at 0x10b87d680> took 155.19648599624634 seconds
2020-03-30 20:02:52,226: Training with <function train_cnn_with_keras at 0x1144f2710> took 1431.210296869278 seconds
2020-03-30 21:08:11,758: Training model with <function train_cnn_with_keras at 0x10a437560> on extracted_faces.pkl
2020-03-30 21:08:30,637: Training with <function train_cnn_with_keras at 0x11603d560> took 157.96122097969055 seconds
2020-03-30 21:27:56,995: Training model with <function train_cnn_with_keras at 0x10b3e0560> on eye_strips.pkl
2020-03-30 21:33:33,279: Training with <function train_cnn_with_keras at 0x10b3e0560> took 336.2840769290924 seconds
2020-03-30 21:37:01,877: Training with <function train_cnn_with_keras at 0x10a437560> took 1730.1185793876648 seconds
2020-03-30 21:40:12,513: Training model with <function train_cnn_with_keras at 0x116dce560> on eye_strips.pkl
2020-03-30 21:41:23,046: Training model with <function train_cnn_with_keras at 0x11184b560> on eye_strips.pkl
2020-04-02 20:18:20,589: Training model with <function train_cnn_with_keras at 0x10b700560> on eye_strips_3.pkl
2020-04-02 20:20:04,424: Training model with <function train_cnn_with_keras at 0x117337560> on eye_strips_3.pkl
2020-04-02 20:26:06,360: Training with <function train_cnn_with_keras at 0x117337560> took 361.93624806404114 seconds
2020-04-04 15:08:44,652: Training model with <function train_mlp at 0x10f799710> on thresholded_eyes_2.pkl
2020-04-04 15:09:46,451: Training model with <function train_mlp at 0x10b952710> on thresholded_eyes_2.pkl
2020-04-04 15:15:29,585: Training model with <function train_mlp at 0x1039d1710> on thresholded_eyes_2.pkl
2020-04-04 15:16:58,464: Training model with <function train_mlp at 0x110792710> on thresholded_eyes_2.pkl
2020-04-04 15:20:18,083: Training with <function train_mlp at 0x110792710> took 199.61869311332703 seconds
2020-04-04 15:28:21,727: Training model with <function train_mlp at 0x110c7e710> on thresholded_eyes_2.pkl
2020-04-04 15:31:48,594: Training with <function train_mlp at 0x110c7e710> took 206.86669278144836 seconds
2020-04-04 19:33:18,510: Training model with <function train_mlp at 0x10b7d3710> on thresholded_eyes_3.pkl
2020-04-04 19:35:17,623: Training model with <function train_mlp at 0x10e23c710> on thresholded_eyes_3.pkl
2020-04-04 19:35:48,047: Training model with <function train_mlp at 0x101d5c710> on thresholded_eyes_3.pkl
2020-04-04 19:39:29,988: Training model with <function train_mlp at 0x111d5b710> on thresholded_eyes_3.pkl
2020-04-04 19:41:11,040: Training with <function train_mlp at 0x111d5b710> took 101.05133485794067 seconds
2020-04-04 19:42:37,802: Training model with <function train_mlp at 0x10cabc710> on thresholded_eyes_3.pkl
2020-04-04 19:44:22,271: Training with <function train_mlp at 0x10cabc710> took 104.46961116790771 seconds
2020-04-04 19:47:32,854: Training model with <function train_mlp at 0x116198710> on thresholded_eyes_3.pkl
2020-04-04 19:48:48,753: Training with <function train_mlp at 0x116198710> took 75.8987078666687 seconds
2020-04-05 12:27:15,805: Training model with <function train_mlp at 0x110a13710> on thresholded_eyes_3.pkl
2020-04-05 12:27:30,135: Training with <function train_mlp at 0x110a13710> took 14.330613136291504 seconds
2020-04-05 12:35:30,830: Training model with <function train_mlp at 0x10c97b710> on thresholded_eyes_2.pkl
2020-04-05 12:39:01,642: Training with <function train_mlp at 0x10c97b710> took 210.81150102615356 seconds
2020-04-05 12:51:37,151: Training model with <function train_mlp at 0x112bbf710> on thresholded_eyes_3.pkl
2020-04-05 12:53:07,639: Training with <function train_mlp at 0x112bbf710> took 90.48856806755066 seconds
2020-04-05 12:54:55,760: Training model with <function train_mlp at 0x10c403710> on thresholded_eyes_4.pkl
2020-04-05 12:55:35,723: Training with <function train_mlp at 0x10c403710> took 39.96285700798035 seconds
2020-04-05 13:04:44,256: Training model with <function train_mlp at 0x10fbcb710> on thresholded_eyes_4.pkl
2020-04-05 13:07:05,765: Training with <function train_mlp at 0x10fbcb710> took 141.50910902023315 seconds
2020-04-05 13:12:23,328: Training model with <function train_mlp at 0x10f2cb710> on thresholded_eyes_4.pkl
2020-04-05 13:17:18,744: Training with <function train_mlp at 0x10f2cb710> took 295.4160051345825 seconds
2020-04-05 15:27:33,127: Training model with <function train_mlp at 0x10bded710> on thresholded_eyes_2.pkl
2020-04-05 15:30:07,265: Training model with <function train_mlp at 0x112df4710> on thresholded_eyes_3.pkl
2020-04-05 15:32:48,380: Training model with <function train_mlp at 0x112653710> on thresholded_eyes_3.pkl
2020-04-05 15:33:36,107: Training with <function train_mlp at 0x10bded710> took 362.97927498817444 seconds
2020-04-05 15:39:27,503: Training model with <function train_mlp at 0x115b9b710> on thresholded_eyes_2.pkl
2020-04-05 15:46:01,062: Training with <function train_mlp at 0x115b9b710> took 393.5589621067047 seconds
2020-04-05 15:51:08,232: Training model with <function train_mlp at 0x109c76710> on thresholded_eyes_3.pkl
2020-04-05 15:56:40,369: Training with <function train_mlp at 0x109c76710> took 332.1372528076172 seconds
2020-04-05 16:13:57,766: Training model with <function train_mlp at 0x114bc8710> on thresholded_eyes_4.pkl
2020-04-05 16:16:41,636: Training with <function train_mlp at 0x114bc8710> took 163.87039494514465 seconds
2020-04-05 16:35:44,578: Training model with <function train_mlp at 0x10b90c7a0> on thresholded_eyes_3.pkl
2020-04-05 16:46:45,973: Training with <function train_mlp at 0x10b90c7a0> took 661.3947367668152 seconds
2020-04-05 16:59:32,793: Training model with <function train_mlp at 0x114b407a0> on thresholded_eyes_4.pkl
2020-04-05 17:04:53,034: Training model with <function train_mlp at 0x107fa47a0> on thresholded_eyes_3.pkl
2020-04-05 17:14:08,310: Training with <function train_mlp at 0x107fa47a0> took 555.2759907245636 seconds
2020-04-05 17:18:16,386: Training model with <function train_mlp at 0x1156167a0> on thresholded_eyes_4.pkl
2020-04-05 17:32:10,789: Training with <function train_mlp at 0x1156167a0> took 834.4026639461517 seconds
2020-04-05 17:58:32,225: Training model with <function train_cnn_with_keras at 0x10ff6c5f0> on extracted_faces_2.pkl
2020-04-05 17:59:02,478: Training model with <function train_cnn_with_keras at 0x10e13a5f0> on extracted_faces_2.pkl
2020-04-05 18:00:06,996: Training with <function train_cnn_with_keras at 0x10e13a5f0> took 64.51876401901245 seconds
2020-04-05 18:00:55,396: Training model with <function train_cnn_with_keras at 0x11348e5f0> on extracted_faces_2.pkl
2020-04-05 18:03:53,088: Training model with <function train_cnn_with_keras at 0x1131075f0> on extracted_faces_2.pkl
2020-04-05 18:43:10,036: Training with <function train_cnn_with_keras at 0x1131075f0> took 2356.9479491710663 seconds
2020-04-05 19:04:40,474: Training model with <function train_cnn_with_keras at 0x1154875f0> on extracted_faces_3.pkl
2020-04-05 19:21:16,278: Training with <function train_cnn_with_keras at 0x1154875f0> took 995.8040368556976 seconds
2020-04-06 01:16:51,994: Training model with <function train_cnn_with_keras at 0x1080495f0> on extracted_faces_4.pkl
2020-04-06 01:28:14,183: Training with <function train_cnn_with_keras at 0x1080495f0> took 682.1887438297272 seconds
2020-04-06 10:24:13,768: Training model with <function train_cnn_with_keras at 0x110a9b5f0> on extracted_faces_3.pkl
2020-04-06 10:41:08,021: Training model with <function train_cnn_with_keras at 0x107fa55f0> on extracted_faces_4.pkl
2020-04-06 11:17:24,353: Training with <function train_cnn_with_keras at 0x110a9b5f0> took 3190.584208011627 seconds
2020-04-06 11:36:18,358: Training with <function train_cnn_with_keras at 0x107fa55f0> took 3310.3371663093567 seconds
2020-04-06 12:01:21,949: Training model with <function train_cnn_with_keras at 0x108903560> on eye_strips_2.pkl
2020-04-06 12:05:36,306: Training with <function train_cnn_with_keras at 0x108903560> took 254.35652112960815 seconds
2020-04-06 12:12:04,555: Training model with <function train_cnn_with_keras at 0x112d325f0> on eye_strips_3.pkl
2020-04-06 12:14:44,213: Training with <function train_cnn_with_keras at 0x112d325f0> took 159.65747594833374 seconds
2020-04-06 12:43:40,013: Training model with <function train_cnn_with_keras at 0x11136f5f0> on eye_strips_4.pkl
2020-04-06 12:45:14,294: Training with <function train_cnn_with_keras at 0x11136f5f0> took 94.28175401687622 seconds
2020-04-06 12:57:43,856: Training model with <function train_cnn_with_keras at 0x1043ed5f0> on eye_strips_3.pkl
2020-04-06 13:04:26,141: Training with <function train_cnn_with_keras at 0x1043ed5f0> took 402.2846710681915 seconds
2020-04-06 13:08:31,512: Training model with <function train_cnn_with_keras at 0x1173c95f0> on eye_strips_4.pkl
2020-04-06 13:14:14,026: Training with <function train_cnn_with_keras at 0x1173c95f0> took 342.514545917511 seconds
2020-04-06 13:30:17,460: Training model with <function train_cnn_with_keras at 0x102f98560> on eye_strips_3.pkl
2020-04-06 13:37:55,716: Training with <function train_cnn_with_keras at 0x102f98560> took 458.25669717788696 seconds
2020-04-06 15:07:09,856: Training model with <function train_cnn_with_keras at 0x1176ff560> on eye_strips_3.pkl
2020-04-06 15:15:41,444: Training with <function train_cnn_with_keras at 0x1176ff560> took 511.58808398246765 seconds
2020-04-06 15:22:37,792: Training model with <function train_cnn_with_keras at 0x1085c4560> on eye_strips_3.pkl
2020-04-06 15:45:38,188: Training with <function train_cnn_with_keras at 0x1085c4560> took 1380.3961453437805 seconds
2020-04-06 15:50:51,190: Training model with <function train_cnn_with_keras at 0x1160775f0> on eye_strips_4.pkl
2020-04-06 16:11:59,646: Training with <function train_cnn_with_keras at 0x1160775f0> took 1268.4560928344727 seconds
2020-04-06 16:21:00,116: Training model with <function train_cnn_with_keras at 0x10e266560> on eye_strips_3.pkl
2020-04-06 16:34:26,709: Training with <function train_cnn_with_keras at 0x10e266560> took 806.5931351184845 seconds
2020-04-06 16:40:58,377: Training model with <function train_cnn_with_keras at 0x10b15b560> on eye_strips_3.pkl
