2020-04-25 19:04:36,591: Start collecting data in background mode
2020-04-25 19:04:37,378: DataCollectorGUI started
2020-04-25 19:04:37,404: Mouse listener started
2020-04-25 19:06:46,187: Start collecting data in background mode
2020-04-25 19:06:46,945: DataCollectorGUI started
2020-04-25 19:06:46,960: Mouse listener started
2020-04-25 19:07:33,973: Start collecting data in background mode
2020-04-25 19:07:34,722: DataCollectorGUI started
2020-04-25 19:07:34,751: Mouse listener started
2020-04-25 19:08:40,791: Start collecting data in active mode
2020-04-25 19:08:41,528: DataCollectorGUI started
2020-04-25 19:08:44,291: Triggered pause
2020-04-25 19:09:23,715: Saving collected data: 14 items
2020-04-25 19:09:24,054: Acquiring lock for data collection. Locked = False
2020-04-25 19:09:24,060: Lock acquired
2020-04-25 19:09:24,060: Saving data for session_7
2020-04-25 19:09:24,062: 

2020-04-25 19:09:24,064: Thread 1: Saving images from 0 to 4
2020-04-25 19:09:24,064: Thread 2: Saving images from 4 to 8
2020-04-25 19:09:24,065: Thread 3: Saving images from 8 to 12
2020-04-25 19:09:24,066: Thread 4: Saving images from 12 to 18
2020-04-25 19:09:24,288: 

2020-04-25 19:09:24,289: Saving data done
2020-04-25 19:09:53,110: Start collecting data in active mode
2020-04-25 19:09:53,110: Start collecting data in active mode
2020-04-25 19:09:53,852: Displaying images from webcam...
2020-04-25 19:09:53,852: Displaying images from webcam...
2020-04-25 19:09:53,852: DataCollectorGUI started
2020-04-25 19:09:53,852: DataCollectorGUI started
2020-04-25 19:09:56,205: Triggered pause
2020-04-25 19:09:56,205: Triggered pause
2020-04-25 19:09:56,725: Increasing speed
2020-04-25 19:09:56,725: Increasing speed
2020-04-25 19:09:56,908: Increasing speed
2020-04-25 19:09:56,908: Increasing speed
2020-04-25 19:09:57,061: Increasing speed
2020-04-25 19:09:57,061: Increasing speed
2020-04-25 19:09:57,214: Increasing speed
2020-04-25 19:09:57,214: Increasing speed
2020-04-25 19:09:57,363: Increasing speed
2020-04-25 19:09:57,363: Increasing speed
2020-04-25 19:09:57,509: Increasing speed
2020-04-25 19:09:57,509: Increasing speed
2020-04-25 19:09:58,900: Triggered pause
2020-04-25 19:09:58,900: Triggered pause
2020-04-25 19:09:59,373: Increasing speed
2020-04-25 19:09:59,373: Increasing speed
2020-04-25 19:09:59,536: Increasing speed
2020-04-25 19:09:59,536: Increasing speed
2020-04-25 19:09:59,706: Increasing speed
2020-04-25 19:09:59,706: Increasing speed
2020-04-25 19:10:00,308: Increasing speed
2020-04-25 19:10:00,308: Increasing speed
2020-04-25 19:10:00,474: Increasing speed
2020-04-25 19:10:00,474: Increasing speed
2020-04-25 19:10:00,658: Increasing speed
2020-04-25 19:10:00,658: Increasing speed
2020-04-25 19:10:06,200: Triggered pause
2020-04-25 19:10:06,200: Triggered pause
2020-04-25 19:10:06,656: Triggered pause
2020-04-25 19:10:06,656: Triggered pause
2020-04-25 19:10:06,880: Decreasing speed
2020-04-25 19:10:06,880: Decreasing speed
2020-04-25 19:10:07,039: Decreasing speed
2020-04-25 19:10:07,039: Decreasing speed
2020-04-25 19:10:07,185: Decreasing speed
2020-04-25 19:10:07,185: Decreasing speed
2020-04-25 19:10:07,330: Decreasing speed
2020-04-25 19:10:07,330: Decreasing speed
2020-04-25 19:10:07,486: Decreasing speed
2020-04-25 19:10:07,486: Decreasing speed
2020-04-25 19:10:11,217: Triggered pause
2020-04-25 19:10:11,217: Triggered pause
2020-04-25 19:10:14,319: Triggered pause
2020-04-25 19:10:14,319: Triggered pause
2020-04-25 19:10:17,079: Triggered pause
2020-04-25 19:10:17,079: Triggered pause
2020-04-25 19:10:17,827: Closing DataCollectorGUI
2020-04-25 19:10:17,827: Closing DataCollectorGUI
2020-04-25 19:10:17,828: EyeWidget was closed
2020-04-25 19:10:17,828: EyeWidget was closed
2020-04-25 19:10:17,829: DataCollectorGUI closed
2020-04-25 19:10:17,829: DataCollectorGUI closed
2020-04-25 19:10:17,829: Saving collected data: 278 items
2020-04-25 19:10:17,829: Saving collected data: 278 items
2020-04-25 19:10:18,201: Acquiring lock for data collection. Locked = False
2020-04-25 19:10:18,201: Acquiring lock for data collection. Locked = False
2020-04-25 19:10:18,209: Lock acquired
2020-04-25 19:10:18,209: Lock acquired
2020-04-25 19:10:18,210: Saving data for session_8
2020-04-25 19:10:18,210: Saving data for session_8
2020-04-25 19:10:18,220: 

2020-04-25 19:10:18,220: 

2020-04-25 19:10:18,223: Stop displaying images from the webcam
2020-04-25 19:10:18,223: Stop displaying images from the webcam
2020-04-25 19:10:18,226: Thread 1: Saving images from 0 to 71
2020-04-25 19:10:18,226: Thread 1: Saving images from 0 to 71
2020-04-25 19:10:18,243: Thread 2: Saving images from 71 to 142
2020-04-25 19:10:18,243: Thread 2: Saving images from 71 to 142
2020-04-25 19:10:18,252: Thread 3: Saving images from 142 to 213
2020-04-25 19:10:18,252: Thread 3: Saving images from 142 to 213
2020-04-25 19:10:18,258: Thread 4: Saving images from 213 to 284
2020-04-25 19:10:18,258: Thread 4: Saving images from 213 to 284
2020-04-25 19:10:20,281: Thread 4: saved 65/71 images
2020-04-25 19:10:20,281: Thread 4: saved 65/71 images
2020-04-25 19:10:20,312: Thread 3: saved 65/71 images
2020-04-25 19:10:20,312: Thread 3: saved 65/71 images
2020-04-25 19:10:20,356: Thread 2: saved 66/71 images
2020-04-25 19:10:20,356: Thread 2: saved 66/71 images
2020-04-25 19:10:20,387: Thread 1: saved 65/71 images
2020-04-25 19:10:20,387: Thread 1: saved 65/71 images
2020-04-25 19:10:20,611: 

2020-04-25 19:10:20,611: 

2020-04-25 19:10:20,646: Saving data done
2020-04-25 19:10:20,646: Saving data done
2020-05-12 15:08:02,624: Start collecting data in background mode
2020-05-12 15:08:02,624: Start collecting data in background mode
2020-05-12 15:08:03,418: Displaying images from webcam...
2020-05-12 15:08:03,418: Displaying images from webcam...
2020-05-12 15:08:03,418: DataCollectorGUI started
2020-05-12 15:08:03,418: DataCollectorGUI started
2020-05-12 15:08:03,450: Mouse listener started
2020-05-12 15:08:03,450: Mouse listener started
2020-05-12 15:11:55,904: Start collecting data in background mode
2020-05-12 15:11:55,904: Start collecting data in background mode
2020-05-12 15:11:56,718: Displaying images from webcam...
2020-05-12 15:11:56,718: Displaying images from webcam...
2020-05-12 15:11:56,718: DataCollectorGUI started
2020-05-12 15:11:56,718: DataCollectorGUI started
2020-05-12 15:11:56,739: Mouse listener started
2020-05-12 15:11:56,739: Mouse listener started
2020-05-12 15:11:59,730: Closing DataCollectorGUI
2020-05-12 15:11:59,730: Closing DataCollectorGUI
2020-05-12 15:11:59,735: EyeWidget was closed
2020-05-12 15:11:59,735: EyeWidget was closed
2020-05-12 15:11:59,737: DataCollectorGUI closed
2020-05-12 15:11:59,737: DataCollectorGUI closed
2020-05-12 15:11:59,738: Saving collected data: 0 items
2020-05-12 15:11:59,738: Saving collected data: 0 items
2020-05-12 15:12:00,151: Stop displaying images from the webcam
2020-05-12 15:12:00,151: Stop displaying images from the webcam
2020-05-12 15:12:05,153: Start collecting data in active mode
2020-05-12 15:12:05,153: Start collecting data in active mode
2020-05-12 15:12:05,798: Displaying images from webcam...
2020-05-12 15:12:05,798: Displaying images from webcam...
2020-05-12 15:12:05,798: DataCollectorGUI started
2020-05-12 15:12:05,798: DataCollectorGUI started
2020-05-12 15:12:19,775: Triggered pause
2020-05-12 15:12:19,775: Triggered pause
2020-05-12 15:12:25,560: Triggered pause
2020-05-12 15:12:25,560: Triggered pause
2020-05-12 15:12:27,216: Increasing speed
2020-05-12 15:12:27,216: Increasing speed
2020-05-12 15:12:30,277: Decreasing speed
2020-05-12 15:12:30,277: Decreasing speed
2020-05-12 15:12:30,455: Decreasing speed
2020-05-12 15:12:30,455: Decreasing speed
2020-05-12 15:12:32,216: Decreasing speed
2020-05-12 15:12:32,216: Decreasing speed
2020-05-12 15:12:32,365: Decreasing speed
2020-05-12 15:12:32,365: Decreasing speed
2020-05-12 15:12:39,548: Triggered pause
2020-05-12 15:12:39,548: Triggered pause
2020-05-12 15:12:49,709: Triggered pause
2020-05-12 15:12:49,709: Triggered pause
2020-05-12 15:12:53,374: Triggered pause
2020-05-12 15:12:53,374: Triggered pause
2020-05-12 15:12:56,362: Triggered pause
2020-05-12 15:12:56,362: Triggered pause
2020-05-12 15:13:01,916: Increasing speed
2020-05-12 15:13:01,916: Increasing speed
2020-05-12 15:13:02,083: Increasing speed
2020-05-12 15:13:02,083: Increasing speed
2020-05-12 15:13:18,893: Triggered pause
2020-05-12 15:13:18,893: Triggered pause
2020-05-12 15:13:43,266: Triggered pause
2020-05-12 15:13:43,266: Triggered pause
2020-05-12 15:13:49,278: Increasing speed
2020-05-12 15:13:49,278: Increasing speed
2020-05-12 15:13:49,438: Increasing speed
2020-05-12 15:13:49,438: Increasing speed
2020-05-12 15:13:49,932: Increasing speed
2020-05-12 15:13:49,932: Increasing speed
2020-05-12 15:13:56,759: Decreasing speed
2020-05-12 15:13:56,759: Decreasing speed
2020-05-12 15:14:08,046: Triggered pause
2020-05-12 15:14:08,046: Triggered pause
2020-05-12 15:14:09,294: Triggered pause
2020-05-12 15:14:09,294: Triggered pause
2020-05-12 15:14:20,542: Triggered pause
2020-05-12 15:14:20,542: Triggered pause
2020-05-12 15:14:41,101: Triggered pause
2020-05-12 15:14:41,101: Triggered pause
2020-05-12 15:14:48,950: Increasing speed
2020-05-12 15:14:48,950: Increasing speed
2020-05-12 15:14:49,124: Increasing speed
2020-05-12 15:14:49,124: Increasing speed
2020-05-12 15:15:06,839: Triggered pause
2020-05-12 15:15:06,839: Triggered pause
2020-05-12 15:15:11,587: Triggered pause
2020-05-12 15:15:11,587: Triggered pause
2020-05-12 15:15:13,705: Triggered pause
2020-05-12 15:15:13,705: Triggered pause
2020-05-12 15:15:18,720: Triggered pause
2020-05-12 15:15:18,720: Triggered pause
2020-05-12 15:15:33,542: Triggered pause
2020-05-12 15:15:33,542: Triggered pause
2020-05-12 15:15:50,052: Triggered pause
2020-05-12 15:15:50,052: Triggered pause
2020-05-12 15:16:08,424: Triggered pause
2020-05-12 15:16:08,424: Triggered pause
2020-05-12 15:16:12,973: Triggered pause
2020-05-12 15:16:12,973: Triggered pause
2020-05-12 15:16:15,031: Increasing speed
2020-05-12 15:16:15,031: Increasing speed
2020-05-12 15:16:15,172: Increasing speed
2020-05-12 15:16:15,172: Increasing speed
2020-05-12 15:16:15,309: Increasing speed
2020-05-12 15:16:15,309: Increasing speed
2020-05-12 15:16:15,461: Increasing speed
2020-05-12 15:16:15,461: Increasing speed
2020-05-12 15:16:15,607: Increasing speed
2020-05-12 15:16:15,607: Increasing speed
2020-05-12 15:16:32,235: Decreasing speed
2020-05-12 15:16:32,235: Decreasing speed
2020-05-12 15:16:32,392: Decreasing speed
2020-05-12 15:16:32,392: Decreasing speed
2020-05-12 15:16:32,528: Decreasing speed
2020-05-12 15:16:32,528: Decreasing speed
2020-05-12 15:16:35,228: Decreasing speed
2020-05-12 15:16:35,228: Decreasing speed
2020-05-12 15:16:36,629: Triggered pause
2020-05-12 15:16:36,629: Triggered pause
2020-05-12 15:16:47,179: Triggered pause
2020-05-12 15:16:47,179: Triggered pause
2020-05-12 15:16:48,742: Increasing speed
2020-05-12 15:16:48,742: Increasing speed
2020-05-12 15:16:48,875: Increasing speed
2020-05-12 15:16:48,875: Increasing speed
2020-05-12 15:16:53,077: Triggered pause
2020-05-12 15:16:53,077: Triggered pause
2020-05-12 15:16:59,787: Triggered pause
2020-05-12 15:16:59,787: Triggered pause
2020-05-12 15:17:03,337: Increasing speed
2020-05-12 15:17:03,337: Increasing speed
2020-05-12 15:17:07,498: Triggered pause
2020-05-12 15:17:07,498: Triggered pause
2020-05-12 15:17:10,072: Triggered pause
2020-05-12 15:17:10,072: Triggered pause
2020-05-12 15:17:14,444: Triggered pause
2020-05-12 15:17:14,444: Triggered pause
2020-05-12 15:17:25,715: Triggered pause
2020-05-12 15:17:25,715: Triggered pause
2020-05-12 15:17:31,357: Triggered pause
2020-05-12 15:17:31,357: Triggered pause
2020-05-12 15:17:34,536: Triggered pause
2020-05-12 15:17:34,536: Triggered pause
2020-05-12 15:17:53,306: Triggered pause
2020-05-12 15:17:53,306: Triggered pause
2020-05-12 15:17:55,151: Triggered pause
2020-05-12 15:17:55,151: Triggered pause
2020-05-12 15:17:59,471: Collecting data items ended
2020-05-12 15:17:59,471: Collecting data items ended
2020-05-12 15:18:07,463: Closing DataCollectorGUI
2020-05-12 15:18:07,463: Closing DataCollectorGUI
2020-05-12 15:18:07,465: EyeWidget was closed
2020-05-12 15:18:07,465: EyeWidget was closed
2020-05-12 15:18:07,465: DataCollectorGUI closed
2020-05-12 15:18:07,465: DataCollectorGUI closed
2020-05-12 15:18:07,466: Saving collected data: 2575 items
2020-05-12 15:18:07,466: Saving collected data: 2575 items
2020-05-12 15:18:07,837: Acquiring lock for data collection. Locked = False
2020-05-12 15:18:07,837: Acquiring lock for data collection. Locked = False
2020-05-12 15:18:07,838: Lock acquired
2020-05-12 15:18:07,838: Lock acquired
2020-05-12 15:18:07,841: Saving data for session_9
2020-05-12 15:18:07,841: Saving data for session_9
2020-05-12 15:18:07,879: Stop displaying images from the webcam
2020-05-12 15:18:07,879: Stop displaying images from the webcam
2020-05-12 15:18:07,898: 

2020-05-12 15:18:07,898: 

2020-05-12 15:18:07,902: Thread 1: Saving images from 0 to 643
2020-05-12 15:18:07,902: Thread 1: Saving images from 0 to 643
2020-05-12 15:18:07,903: Thread 2: Saving images from 643 to 1286
2020-05-12 15:18:07,903: Thread 2: Saving images from 643 to 1286
2020-05-12 15:18:07,904: Thread 3: Saving images from 1286 to 1929
2020-05-12 15:18:07,904: Thread 3: Saving images from 1286 to 1929
2020-05-12 15:18:07,904: Thread 4: Saving images from 1929 to 2575
2020-05-12 15:18:07,904: Thread 4: Saving images from 1929 to 2575
2020-05-12 15:18:09,918: Thread 2: saved 52/643 images
2020-05-12 15:18:09,918: Thread 2: saved 52/643 images
2020-05-12 15:18:09,926: Thread 1: saved 51/643 images
2020-05-12 15:18:09,926: Thread 1: saved 51/643 images
2020-05-12 15:18:09,956: Thread 3: saved 54/643 images
2020-05-12 15:18:09,956: Thread 3: saved 54/643 images
2020-05-12 15:18:10,005: Thread 4: saved 52/646 images
2020-05-12 15:18:10,005: Thread 4: saved 52/646 images
2020-05-12 15:18:11,933: Thread 1: saved 104/643 images
2020-05-12 15:18:11,933: Thread 1: saved 104/643 images
2020-05-12 15:18:11,949: Thread 2: saved 112/643 images
2020-05-12 15:18:11,949: Thread 2: saved 112/643 images
2020-05-12 15:18:11,990: Thread 3: saved 109/643 images
2020-05-12 15:18:11,990: Thread 3: saved 109/643 images
2020-05-12 15:18:12,010: Thread 4: saved 108/646 images
2020-05-12 15:18:12,010: Thread 4: saved 108/646 images
2020-05-12 15:18:13,935: Thread 1: saved 166/643 images
2020-05-12 15:18:13,935: Thread 1: saved 166/643 images
2020-05-12 15:18:13,995: Thread 3: saved 170/643 images
2020-05-12 15:18:13,995: Thread 3: saved 170/643 images
2020-05-12 15:18:13,998: Thread 2: saved 177/643 images
2020-05-12 15:18:13,998: Thread 2: saved 177/643 images
2020-05-12 15:18:14,029: Thread 4: saved 171/646 images
2020-05-12 15:18:14,029: Thread 4: saved 171/646 images
2020-05-12 15:18:15,946: Thread 1: saved 227/643 images
2020-05-12 15:18:15,946: Thread 1: saved 227/643 images
2020-05-12 15:18:16,018: Thread 2: saved 239/643 images
2020-05-12 15:18:16,018: Thread 2: saved 239/643 images
2020-05-12 15:18:16,072: Thread 3: saved 229/643 images
2020-05-12 15:18:16,072: Thread 3: saved 229/643 images
2020-05-12 15:18:16,075: Thread 4: saved 230/646 images
2020-05-12 15:18:16,075: Thread 4: saved 230/646 images
2020-05-12 15:18:17,967: Thread 1: saved 291/643 images
2020-05-12 15:18:17,967: Thread 1: saved 291/643 images
2020-05-12 15:18:18,023: Thread 2: saved 300/643 images
2020-05-12 15:18:18,023: Thread 2: saved 300/643 images
2020-05-12 15:18:18,081: Thread 4: saved 289/646 images
2020-05-12 15:18:18,081: Thread 4: saved 289/646 images
2020-05-12 15:18:18,085: Thread 3: saved 291/643 images
2020-05-12 15:18:18,085: Thread 3: saved 291/643 images
2020-05-12 15:18:19,990: Thread 1: saved 324/643 images
2020-05-12 15:18:19,990: Thread 1: saved 324/643 images
2020-05-12 15:18:20,048: Thread 2: saved 335/643 images
2020-05-12 15:18:20,048: Thread 2: saved 335/643 images
2020-05-12 15:18:20,092: Thread 3: saved 323/643 images
2020-05-12 15:18:20,092: Thread 3: saved 323/643 images
2020-05-12 15:18:20,094: Thread 4: saved 324/646 images
2020-05-12 15:18:20,094: Thread 4: saved 324/646 images
2020-05-12 15:18:22,090: Thread 2: saved 380/643 images
2020-05-12 15:18:22,090: Thread 2: saved 380/643 images
2020-05-12 15:18:22,097: Thread 1: saved 369/643 images
2020-05-12 15:18:22,097: Thread 1: saved 369/643 images
2020-05-12 15:18:22,106: Thread 3: saved 366/643 images
2020-05-12 15:18:22,106: Thread 3: saved 366/643 images
2020-05-12 15:18:22,188: Thread 4: saved 366/646 images
2020-05-12 15:18:22,188: Thread 4: saved 366/646 images
2020-05-12 15:18:24,104: Thread 1: saved 398/643 images
2020-05-12 15:18:24,104: Thread 1: saved 398/643 images
2020-05-12 15:18:24,122: Thread 2: saved 410/643 images
2020-05-12 15:18:24,122: Thread 2: saved 410/643 images
2020-05-12 15:18:24,127: Thread 3: saved 395/643 images
2020-05-12 15:18:24,127: Thread 3: saved 395/643 images
2020-05-12 15:18:24,205: Thread 4: saved 395/646 images
2020-05-12 15:18:24,205: Thread 4: saved 395/646 images
2020-05-12 15:18:26,123: Thread 1: saved 457/643 images
2020-05-12 15:18:26,123: Thread 1: saved 457/643 images
2020-05-12 15:18:26,129: Thread 2: saved 470/643 images
2020-05-12 15:18:26,129: Thread 2: saved 470/643 images
2020-05-12 15:18:26,175: Thread 3: saved 455/643 images
2020-05-12 15:18:26,175: Thread 3: saved 455/643 images
2020-05-12 15:18:26,213: Thread 4: saved 453/646 images
2020-05-12 15:18:26,213: Thread 4: saved 453/646 images
2020-05-12 15:18:28,145: Thread 1: saved 518/643 images
2020-05-12 15:18:28,145: Thread 1: saved 518/643 images
2020-05-12 15:18:28,154: Thread 2: saved 529/643 images
2020-05-12 15:18:28,154: Thread 2: saved 529/643 images
2020-05-12 15:18:28,192: Thread 3: saved 515/643 images
2020-05-12 15:18:28,192: Thread 3: saved 515/643 images
2020-05-12 15:18:28,234: Thread 4: saved 512/646 images
2020-05-12 15:18:28,234: Thread 4: saved 512/646 images
2020-05-12 15:18:30,158: Thread 2: saved 587/643 images
2020-05-12 15:18:30,158: Thread 2: saved 587/643 images
2020-05-12 15:18:30,165: Thread 1: saved 578/643 images
2020-05-12 15:18:30,165: Thread 1: saved 578/643 images
2020-05-12 15:18:30,235: Thread 3: saved 575/643 images
2020-05-12 15:18:30,235: Thread 3: saved 575/643 images
2020-05-12 15:18:30,256: Thread 4: saved 572/646 images
2020-05-12 15:18:30,256: Thread 4: saved 572/646 images
2020-05-12 15:18:32,176: Thread 1: saved 642/643 images
2020-05-12 15:18:32,176: Thread 1: saved 642/643 images
2020-05-12 15:18:32,239: Thread 3: saved 636/643 images
2020-05-12 15:18:32,239: Thread 3: saved 636/643 images
2020-05-12 15:18:32,270: Thread 4: saved 636/646 images
2020-05-12 15:18:32,270: Thread 4: saved 636/646 images
2020-05-12 15:18:32,499: 

2020-05-12 15:18:32,499: 

2020-05-12 15:18:32,819: Saving data done
2020-05-12 15:18:32,819: Saving data done
2020-06-23 20:51:42,910: Start collecting data in background mode
2020-06-23 20:51:42,910: Start collecting data in background mode
2020-06-23 20:51:43,666: Displaying images from webcam...
2020-06-23 20:51:43,666: Displaying images from webcam...
2020-06-23 20:51:43,666: DataCollectorGUI started
2020-06-23 20:51:43,666: DataCollectorGUI started
2020-06-23 20:51:43,691: Mouse listener started
2020-06-23 20:51:43,691: Mouse listener started
2020-06-23 20:55:34,123: Start collecting data in background mode
2020-06-23 20:55:34,123: Start collecting data in background mode
2020-06-23 20:55:34,845: Displaying images from webcam...
2020-06-23 20:55:34,845: Displaying images from webcam...
2020-06-23 20:55:34,845: DataCollectorGUI started
2020-06-23 20:55:34,845: DataCollectorGUI started
2020-06-23 20:55:34,870: Mouse listener started
2020-06-23 20:55:34,870: Mouse listener started
2020-06-23 20:56:45,644: Start collecting data in background mode
2020-06-23 20:56:45,644: Start collecting data in background mode
2020-06-23 20:56:46,367: Displaying images from webcam...
2020-06-23 20:56:46,367: Displaying images from webcam...
2020-06-23 20:56:46,367: DataCollectorGUI started
2020-06-23 20:56:46,367: DataCollectorGUI started
2020-06-23 20:56:46,370: Mouse listener started
2020-06-23 20:56:46,370: Mouse listener started
2020-06-23 20:57:04,341: Start collecting data in background mode
2020-06-23 20:57:04,341: Start collecting data in background mode
2020-06-23 20:57:05,066: Displaying images from webcam...
2020-06-23 20:57:05,066: Displaying images from webcam...
2020-06-23 20:57:05,067: DataCollectorGUI started
2020-06-23 20:57:05,067: DataCollectorGUI started
2020-06-23 20:57:05,069: Mouse listener started
2020-06-23 20:57:05,069: Mouse listener started
2020-06-23 20:57:51,385: Start collecting data in background mode
2020-06-23 20:57:51,385: Start collecting data in background mode
2020-06-23 20:57:52,092: Displaying images from webcam...
2020-06-23 20:57:52,092: Displaying images from webcam...
2020-06-23 20:57:52,092: DataCollectorGUI started
2020-06-23 20:57:52,092: DataCollectorGUI started
2020-06-23 20:57:52,118: Mouse listener started
2020-06-23 20:57:52,118: Mouse listener started
2020-06-23 20:58:02,163: Closing DataCollectorGUI
2020-06-23 20:58:02,163: Closing DataCollectorGUI
2020-06-23 20:58:02,164: EyeWidget was closed
2020-06-23 20:58:02,164: EyeWidget was closed
2020-06-23 20:58:02,165: DataCollectorGUI closed
2020-06-23 20:58:02,165: DataCollectorGUI closed
2020-06-23 20:58:02,166: Saving collected data: 4 items
2020-06-23 20:58:02,166: Saving collected data: 4 items
2020-06-23 20:58:02,540: Acquiring lock for data collection. Locked = False
2020-06-23 20:58:02,540: Acquiring lock for data collection. Locked = False
2020-06-23 20:58:02,541: Lock acquired
2020-06-23 20:58:02,541: Lock acquired
2020-06-23 20:58:02,543: Saving data for session_10
2020-06-23 20:58:02,543: Saving data for session_10
2020-06-23 20:58:02,548: Stop displaying images from the webcam
2020-06-23 20:58:02,548: Stop displaying images from the webcam
2020-06-23 20:58:02,548: 

2020-06-23 20:58:02,548: 

2020-06-23 20:58:02,550: Thread 1: Saving images from 0 to 1
2020-06-23 20:58:02,550: Thread 1: Saving images from 0 to 1
2020-06-23 20:58:02,550: Thread 2: Saving images from 1 to 2
2020-06-23 20:58:02,550: Thread 2: Saving images from 1 to 2
2020-06-23 20:58:02,550: Thread 3: Saving images from 2 to 3
2020-06-23 20:58:02,551: Thread 4: Saving images from 3 to 4
2020-06-23 20:58:02,550: Thread 3: Saving images from 2 to 3
2020-06-23 20:58:02,551: Thread 4: Saving images from 3 to 4
2020-06-23 20:58:02,621: 

2020-06-23 20:58:02,621: 

2020-06-23 20:58:02,622: Saving data done
2020-06-23 20:58:02,622: Saving data done
2020-06-24 10:04:20,739: Start collecting data in active mode
2020-06-24 10:04:20,739: Start collecting data in active mode
2020-06-24 10:04:21,487: Displaying images from webcam...
2020-06-24 10:04:21,487: Displaying images from webcam...
2020-06-24 10:04:21,487: DataCollectorGUI started
2020-06-24 10:04:21,487: DataCollectorGUI started
2020-06-24 10:43:16,289: Start collecting data in background mode
2020-06-24 10:43:16,289: Start collecting data in background mode
2020-06-24 10:43:17,060: Displaying images from webcam...
2020-06-24 10:43:17,060: Displaying images from webcam...
2020-06-24 10:43:17,060: DataCollectorGUI started
2020-06-24 10:43:17,060: DataCollectorGUI started
2020-06-24 10:43:17,074: Mouse listener started
2020-06-24 10:43:17,074: Mouse listener started
2020-06-24 11:10:37,825: Start collecting data in background mode
2020-06-24 11:10:37,825: Start collecting data in background mode
2020-06-24 11:10:38,471: Displaying images from webcam...
2020-06-24 11:10:38,471: Displaying images from webcam...
2020-06-24 11:10:38,471: DataCollectorGUI started
2020-06-24 11:10:38,471: DataCollectorGUI started
2020-06-24 11:10:38,475: Mouse listener started
2020-06-24 11:10:38,475: Mouse listener started
2020-06-24 11:10:59,157: Start collecting data in background mode
2020-06-24 11:10:59,157: Start collecting data in background mode
2020-06-24 11:10:59,879: Displaying images from webcam...
2020-06-24 11:10:59,879: Displaying images from webcam...
2020-06-24 11:10:59,879: DataCollectorGUI started
2020-06-24 11:10:59,879: DataCollectorGUI started
2020-06-24 11:10:59,900: Mouse listener started
2020-06-24 11:10:59,900: Mouse listener started
2020-06-24 11:12:16,255: Start collecting data in background mode
2020-06-24 11:12:16,255: Start collecting data in background mode
2020-06-24 11:12:16,977: Displaying images from webcam...
2020-06-24 11:12:16,977: Displaying images from webcam...
2020-06-24 11:12:16,977: DataCollectorGUI started
2020-06-24 11:12:16,977: DataCollectorGUI started
2020-06-24 11:12:17,003: Mouse listener started
2020-06-24 11:12:17,003: Mouse listener started
2020-06-24 11:12:40,467: Start collecting data in background mode
2020-06-24 11:12:40,467: Start collecting data in background mode
2020-06-24 11:12:41,183: Displaying images from webcam...
2020-06-24 11:12:41,183: Displaying images from webcam...
2020-06-24 11:12:41,183: DataCollectorGUI started
2020-06-24 11:12:41,183: DataCollectorGUI started
2020-06-24 11:12:41,203: Mouse listener started
2020-06-24 11:12:41,203: Mouse listener started
2020-06-24 11:14:20,562: Start collecting data in background mode
2020-06-24 11:14:20,562: Start collecting data in background mode
2020-06-24 11:14:21,290: Displaying images from webcam...
2020-06-24 11:14:21,290: Displaying images from webcam...
2020-06-24 11:14:21,290: DataCollectorGUI started
2020-06-24 11:14:21,290: DataCollectorGUI started
2020-06-24 11:14:21,312: Mouse listener started
2020-06-24 11:14:21,312: Mouse listener started
2020-06-24 11:25:11,483: Start collecting data in background mode
2020-06-24 11:25:11,483: Start collecting data in background mode
2020-06-24 11:25:12,284: Displaying images from webcam...
2020-06-24 11:25:12,284: Displaying images from webcam...
2020-06-24 11:25:12,284: DataCollectorGUI started
2020-06-24 11:25:12,284: DataCollectorGUI started
2020-06-24 11:25:12,313: Mouse listener started
2020-06-24 11:25:12,313: Mouse listener started
2020-06-24 11:25:33,658: Closing DataCollectorGUI
2020-06-24 11:25:33,658: Closing DataCollectorGUI
2020-06-24 11:25:33,659: EyeWidget was closed
2020-06-24 11:25:33,659: EyeWidget was closed
2020-06-24 11:25:33,660: DataCollectorGUI closed
2020-06-24 11:25:33,660: DataCollectorGUI closed
2020-06-24 11:25:33,661: Saving collected data: 11 items
2020-06-24 11:25:33,661: Saving collected data: 11 items
2020-06-24 11:25:34,040: Acquiring lock for data collection. Locked = False
2020-06-24 11:25:34,040: Acquiring lock for data collection. Locked = False
2020-06-24 11:25:34,041: Lock acquired
2020-06-24 11:25:34,041: Lock acquired
2020-06-24 11:25:34,047: Saving data for session_10
2020-06-24 11:25:34,047: Saving data for session_10
2020-06-24 11:25:34,054: 

2020-06-24 11:25:34,054: 

2020-06-24 11:25:34,055: Thread 1: Saving images from 0 to 2
2020-06-24 11:25:34,055: Thread 1: Saving images from 0 to 2
2020-06-24 11:25:34,058: Thread 2: Saving images from 2 to 4
2020-06-24 11:25:34,058: Thread 2: Saving images from 2 to 4
2020-06-24 11:25:34,075: Thread 3: Saving images from 4 to 6
2020-06-24 11:25:34,075: Thread 3: Saving images from 4 to 6
2020-06-24 11:25:34,084: Thread 4: Saving images from 6 to 11
2020-06-24 11:25:34,084: Thread 4: Saving images from 6 to 11
2020-06-24 11:25:34,128: Stop displaying images from the webcam
2020-06-24 11:25:34,128: Stop displaying images from the webcam
2020-06-24 11:25:34,356: 

2020-06-24 11:25:34,356: 

2020-06-24 11:25:34,358: Saving data done
2020-06-24 11:25:34,358: Saving data done
2020-06-24 11:26:32,373: Start collecting data in active mode
2020-06-24 11:26:32,373: Start collecting data in active mode
2020-06-24 11:26:33,236: Displaying images from webcam...
2020-06-24 11:26:33,236: Displaying images from webcam...
2020-06-24 11:26:33,236: DataCollectorGUI started
2020-06-24 11:26:33,236: DataCollectorGUI started
2020-06-24 11:26:37,108: Increasing speed
2020-06-24 11:26:37,108: Increasing speed
2020-06-24 11:26:37,307: Increasing speed
2020-06-24 11:26:37,307: Increasing speed
2020-06-24 11:26:37,427: Increasing speed
2020-06-24 11:26:37,427: Increasing speed
2020-06-24 11:26:37,606: Increasing speed
2020-06-24 11:26:37,606: Increasing speed
2020-06-24 11:26:37,927: Increasing speed
2020-06-24 11:26:37,927: Increasing speed
2020-06-24 11:26:38,406: Increasing speed
2020-06-24 11:26:38,406: Increasing speed
2020-06-24 11:26:40,064: Increasing speed
2020-06-24 11:26:40,064: Increasing speed
2020-06-24 11:26:43,599: Triggered pause
2020-06-24 11:26:43,599: Triggered pause
2020-06-24 11:26:46,925: Triggered pause
2020-06-24 11:26:46,925: Triggered pause
2020-06-24 11:26:47,901: Increasing speed
2020-06-24 11:26:47,901: Increasing speed
2020-06-24 11:26:48,074: Increasing speed
2020-06-24 11:26:48,074: Increasing speed
2020-06-24 11:26:48,223: Increasing speed
2020-06-24 11:26:48,223: Increasing speed
2020-06-24 11:26:48,375: Increasing speed
2020-06-24 11:26:48,375: Increasing speed
2020-06-24 11:26:49,245: Decreasing speed
2020-06-24 11:26:49,245: Decreasing speed
2020-06-24 11:26:49,376: Decreasing speed
2020-06-24 11:26:49,376: Decreasing speed
2020-06-24 11:26:49,485: Decreasing speed
2020-06-24 11:26:49,485: Decreasing speed
2020-06-24 11:26:49,619: Decreasing speed
2020-06-24 11:26:49,619: Decreasing speed
2020-06-24 11:26:49,758: Decreasing speed
2020-06-24 11:26:49,758: Decreasing speed
2020-06-24 11:26:49,889: Decreasing speed
2020-06-24 11:26:49,889: Decreasing speed
2020-06-24 11:26:50,008: Decreasing speed
2020-06-24 11:26:50,008: Decreasing speed
2020-06-24 11:26:50,166: Decreasing speed
2020-06-24 11:26:50,166: Decreasing speed
2020-06-24 11:26:50,274: Decreasing speed
2020-06-24 11:26:50,274: Decreasing speed
2020-06-24 11:26:50,408: Decreasing speed
2020-06-24 11:26:50,408: Decreasing speed
2020-06-24 11:26:50,543: Decreasing speed
2020-06-24 11:26:50,543: Decreasing speed
2020-06-24 11:26:50,690: Decreasing speed
2020-06-24 11:26:50,690: Decreasing speed
2020-06-24 11:26:50,932: Decreasing speed
2020-06-24 11:26:50,932: Decreasing speed
2020-06-24 11:26:50,972: Decreasing speed
2020-06-24 11:26:50,972: Decreasing speed
2020-06-24 11:26:51,014: Decreasing speed
2020-06-24 11:26:51,014: Decreasing speed
2020-06-24 11:26:51,043: Decreasing speed
2020-06-24 11:26:51,043: Decreasing speed
2020-06-24 11:26:51,094: Decreasing speed
2020-06-24 11:26:51,094: Decreasing speed
2020-06-24 11:26:51,135: Decreasing speed
2020-06-24 11:26:51,135: Decreasing speed
2020-06-24 11:26:51,183: Decreasing speed
2020-06-24 11:26:51,183: Decreasing speed
2020-06-24 11:26:51,243: Decreasing speed
2020-06-24 11:26:51,243: Decreasing speed
2020-06-24 11:26:51,290: Decreasing speed
2020-06-24 11:26:51,290: Decreasing speed
2020-06-24 11:26:51,394: Decreasing speed
2020-06-24 11:26:51,394: Decreasing speed
2020-06-24 11:26:51,477: Decreasing speed
2020-06-24 11:26:51,477: Decreasing speed
2020-06-24 11:26:52,693: Triggered pause
2020-06-24 11:26:52,693: Triggered pause
2020-06-24 11:26:55,113: Triggered pause
2020-06-24 11:26:55,113: Triggered pause
2020-06-24 11:26:57,245: Triggered pause
2020-06-24 11:26:57,245: Triggered pause
2020-06-24 11:26:58,031: Closing DataCollectorGUI
2020-06-24 11:26:58,031: Closing DataCollectorGUI
2020-06-24 11:26:58,034: EyeWidget was closed
2020-06-24 11:26:58,034: EyeWidget was closed
2020-06-24 11:26:58,035: DataCollectorGUI closed
2020-06-24 11:26:58,035: DataCollectorGUI closed
2020-06-24 11:26:58,036: Saving collected data: 199 items
2020-06-24 11:26:58,036: Saving collected data: 199 items
2020-06-24 11:26:58,420: Acquiring lock for data collection. Locked = False
2020-06-24 11:26:58,420: Acquiring lock for data collection. Locked = False
2020-06-24 11:26:58,431: Lock acquired
2020-06-24 11:26:58,431: Lock acquired
2020-06-24 11:26:58,433: Saving data for session_11
2020-06-24 11:26:58,433: Saving data for session_11
2020-06-24 11:26:58,449: 

2020-06-24 11:26:58,449: 

2020-06-24 11:26:58,453: Thread 1: Saving images from 0 to 50
2020-06-24 11:26:58,453: Thread 1: Saving images from 0 to 50
2020-06-24 11:26:58,455: Thread 2: Saving images from 50 to 100
2020-06-24 11:26:58,455: Thread 2: Saving images from 50 to 100
2020-06-24 11:26:58,465: Thread 3: Saving images from 100 to 150
2020-06-24 11:26:58,465: Thread 3: Saving images from 100 to 150
2020-06-24 11:26:58,472: Thread 4: Saving images from 150 to 202
2020-06-24 11:26:58,472: Thread 4: Saving images from 150 to 202
2020-06-24 11:26:58,503: Stop displaying images from the webcam
2020-06-24 11:26:58,503: Stop displaying images from the webcam
2020-06-24 11:27:00,491: Thread 1: saved 32/50 images
2020-06-24 11:27:00,491: Thread 1: saved 32/50 images
2020-06-24 11:27:00,493: Thread 2: saved 31/50 images
2020-06-24 11:27:00,493: Thread 2: saved 31/50 images
2020-06-24 11:27:00,599: Thread 4: saved 32/52 images
2020-06-24 11:27:00,599: Thread 4: saved 32/52 images
2020-06-24 11:27:00,699: Thread 3: saved 32/50 images
2020-06-24 11:27:00,699: Thread 3: saved 32/50 images
2020-06-24 11:27:01,890: 

2020-06-24 11:27:01,890: 

2020-06-24 11:27:01,909: Saving data done
2020-06-24 11:27:01,909: Saving data done
