2020-03-23 18:07:13,789: Processing data with <function process_data_extract_faces at 0x1128ddcb0> took 19.05299186706543 seconds for 2575 original items
2020-03-23 18:11:42,723: Loading data took 23.145334243774414 seconds
2020-03-23 18:12:03,363: Processing data with <function process_data_extract_faces at 0x11f4c5cb0> took 20.640327215194702 seconds for 2575 original items
2020-03-24 08:41:43,799: Loading data took 27.071996927261353 seconds
2020-03-24 08:42:04,954: Processing data with <function process_data_extract_faces at 0x1100b6cb0> took 21.153433799743652 seconds for 2575 original items
2020-03-24 08:43:40,817: Loading data took 33.994434118270874 seconds
2020-03-24 08:44:08,522: Processing data with <function process_data_extract_faces at 0x11b201c20> took 27.704061031341553 seconds for 2575 original items
2020-03-24 08:46:44,494: Loading data took 31.999972820281982 seconds
2020-03-24 08:47:11,910: Processing data with <function process_data_extract_faces at 0x11616fc20> took 27.41500425338745 seconds for 2575 original items
2020-03-24 08:48:38,828: Loading data took 28.58778429031372 seconds
2020-03-24 08:49:08,561: Processing data with <function process_data_extract_faces at 0x1131b6cb0> took 29.732500791549683 seconds for 2575 original items
2020-03-24 08:52:45,282: Loading data took 25.983654975891113 seconds
2020-03-24 08:53:06,435: Processing data with <function process_data_extract_faces at 0x110f63c20> took 21.15182089805603 seconds for 2575 original items
2020-03-24 08:54:31,340: Loading data took 26.105460166931152 seconds
2020-03-24 08:55:14,074: Loading data took 28.396108865737915 seconds
2020-03-24 08:56:32,775: Loading data took 27.061259984970093 seconds
2020-03-24 08:57:05,529: Processing data with <function process_data_extract_faces at 0x11c22ac20> took 32.75378727912903 seconds for 2575 original items
2020-03-24 09:00:02,033: Loading data took 28.64069414138794 seconds
2020-03-24 09:01:26,281: Loading data took 25.140480995178223 seconds
2020-03-24 09:01:51,413: Processing data with <function process_data_extract_faces at 0x115cc1c20> took 25.13061785697937 seconds for 2575 original items
2020-03-24 09:02:44,839: Loading data took 26.104278802871704 seconds
2020-03-24 09:05:02,532: Loading data took 26.978276014328003 seconds
2020-03-24 09:15:41,575: Loading data took 29.043265104293823 seconds
2020-03-24 09:17:14,705: Loading data took 29.99353313446045 seconds
2020-03-24 09:18:45,958: Loading data took 25.85633897781372 seconds
2020-03-24 09:19:11,222: Processing data with <function process_data_extract_faces at 0x110798cb0> took 25.260781049728394 seconds for 2575 original items
2020-03-24 09:21:05,196: Loading data took 24.72664189338684 seconds
2020-03-24 09:21:28,260: Processing data with <function process_data_extract_faces at 0x119ca6cb0> took 23.062903881072998 seconds for 2575 original items
2020-03-24 09:22:15,524: Loading data took 23.332704305648804 seconds
2020-03-24 09:22:36,819: Processing data with <function process_data_extract_faces at 0x115d97d40> took 21.294098138809204 seconds for 2575 original items
2020-03-24 09:31:17,465: Loading data took 21.56712007522583 seconds
2020-03-24 09:31:41,369: Processing data with <function process_data_extract_faces at 0x11441a320> took 23.9042329788208 seconds for 2575 original items
2020-03-24 09:32:38,132: Loading data took 21.285106897354126 seconds
2020-03-24 09:32:57,937: Processing data with <function process_data_extract_faces at 0x11cbe7320> took 19.80463409423828 seconds for 2575 original items
2020-03-24 09:40:05,903: Loading data took 22.224860906600952 seconds
2020-03-24 09:40:25,702: Processing data with <function process_data_extract_faces at 0x112820320> took 19.798905849456787 seconds for 2575 original items
2020-03-24 09:42:30,756: Loading data took 26.402437210083008 seconds
2020-03-24 09:42:51,704: Processing data with <function process_data_extract_faces at 0x11f171320> took 20.947322845458984 seconds for 2575 original items
2020-03-30 14:07:46,064: Loading data took 26.193998098373413 seconds
2020-03-30 14:08:10,911: Processing data with <function process_data_extract_eye_strip at 0x11d3daa70> took 24.846189975738525 seconds for 2575 original items
2020-03-30 14:12:49,410: Loading data took 28.102049112319946 seconds
2020-03-30 14:13:12,062: Processing data with <function process_data_extract_eye_strip at 0x115ba2b00> took 22.65116310119629 seconds for 2575 original items
2020-03-30 14:14:57,593: Loading data took 31.80910301208496 seconds
2020-03-30 14:15:22,447: Processing data with <function process_data_extract_eye_strip at 0x119ef4b00> took 24.85323190689087 seconds for 2575 original items
2020-03-30 14:37:42,887: Loading data took 24.58779215812683 seconds
2020-03-30 14:38:40,698: Loading data took 24.08736824989319 seconds
2020-03-30 14:39:20,647: Loading data took 20.91308903694153 seconds
2020-03-30 14:40:31,881: Loading data took 22.519374132156372 seconds
2020-03-30 14:40:55,183: Processing data with <function process_data_extract_eye_strip at 0x11e73eb00> took 23.3006808757782 seconds for 2575 original items
2020-03-30 14:42:38,938: Loading data took 24.778669118881226 seconds
2020-03-30 14:43:03,775: Processing data with <function process_data_extract_eye_strip at 0x11ac63a70> took 24.835697889328003 seconds for 2575 original items
2020-03-30 15:19:39,093: Loading data took 23.65124487876892 seconds
2020-03-30 15:20:00,095: Processing data with <function process_data_extract_eye_strip at 0x117cb7ef0> took 21.001440048217773 seconds for 2575 original items
2020-03-30 19:08:05,218: Loading data took 27.44570803642273 seconds
2020-03-30 19:11:32,028: Loading data took 27.56542992591858 seconds
2020-03-30 19:25:25,437: Loading data took 29.990787744522095 seconds
2020-03-30 19:27:28,119: Loading data took 27.29812788963318 seconds
2020-03-30 19:29:10,594: Loading data took 26.461547136306763 seconds
2020-03-30 19:29:34,668: Processing data with <function process_data_extract_eye_strip at 0x11e04bf80> took 24.07111096382141 seconds for 2575 original items
2020-03-30 19:38:22,401: Loading data took 24.827756881713867 seconds
2020-03-30 19:38:43,286: Processing data with <function process_data_extract_faces at 0x111971950> took 20.88451099395752 seconds for 2575 original items
2020-03-30 20:36:43,152: Loading data took 24.35076093673706 seconds
2020-03-30 20:37:03,050: Processing data with <function process_data_extract_faces at 0x113a7a320> took 19.89747405052185 seconds for 2582 original items
2020-03-30 21:04:26,619: Loading data took 27.09728717803955 seconds
2020-03-30 21:04:49,072: Processing data with <function process_data_extract_eye_strips at 0x1141867a0> took 22.452220916748047 seconds for 2575 original items
2020-03-30 21:05:00,858: Loading data took 24.79392910003662 seconds
2020-03-30 21:05:21,889: Processing data with <function process_data_extract_faces at 0x118165290> took 21.030957221984863 seconds for 2575 original items
2020-04-02 20:07:27,978: Loading data took 25.773212909698486 seconds
2020-04-02 20:08:33,555: Loading data took 25.19288420677185 seconds
2020-04-02 20:10:33,682: Loading data took 26.196532011032104 seconds
2020-04-02 20:11:11,585: Processing data with <function process_data_extract_eye_strips at 0x11b7f1170> took 37.90199875831604 seconds for 2736 original items
2020-04-02 20:11:56,762: Loading data took 26.523048877716064 seconds
2020-04-02 20:12:36,354: Processing data with <function process_data_extract_eye_strips at 0x11c105170> took 39.591078996658325 seconds for 2736 original items
2020-04-02 20:15:50,165: Loading data took 29.05472683906555 seconds
2020-04-02 20:16:32,748: Processing data with <function process_data_extract_eye_strips at 0x11b33b200> took 42.583208084106445 seconds for 2736 original items
2020-04-04 14:47:33,882: Loading data took 27.82668375968933 seconds
2020-04-04 14:49:23,458: Loading data took 28.18385601043701 seconds
2020-04-04 14:52:49,060: Loading data took 26.68278408050537 seconds
2020-04-04 14:55:01,445: Loading data took 27.064818859100342 seconds
2020-04-04 14:56:37,469: Loading data took 25.680536031723022 seconds
2020-04-04 14:57:52,529: Loading data took 27.158148765563965 seconds
2020-04-04 14:59:07,507: Loading data took 24.23375105857849 seconds
2020-04-04 15:00:59,471: Loading data took 23.714075803756714 seconds
2020-04-04 15:02:21,283: Processing data with <function extract_thresholded_eyes at 0x11c0657a0> took 81.81159090995789 seconds for 2736 original items
2020-04-04 19:34:19,827: Loading data took 26.027557134628296 seconds
2020-04-04 19:34:58,579: Processing data with <function extract_thresholded_eyes at 0x111ca87a0> took 38.75181698799133 seconds for 2736 original items
2020-04-04 19:46:38,953: Loading data took 27.344218969345093 seconds
2020-04-04 19:47:17,199: Processing data with <function extract_thresholded_eyes at 0x1185af7a0> took 38.245033979415894 seconds for 2736 original items
2020-04-05 12:49:03,700: Loading data took 31.34801483154297 seconds
2020-04-05 12:49:43,748: Processing data with <function extract_thresholded_eyes at 0x11c0f87a0> took 40.04562783241272 seconds for 2736 original items
2020-04-05 12:52:48,599: Loading data took 49.55635595321655 seconds
2020-04-05 12:53:23,550: Processing data with <function extract_thresholded_eyes at 0x11350f7a0> took 34.94959807395935 seconds for 2736 original items
2020-04-05 13:03:01,296: Loading data took 28.273327827453613 seconds
2020-04-05 13:04:27,311: Processing data with <function extract_thresholded_eyes at 0x111979560> took 86.01360893249512 seconds for 2736 original items
2020-04-05 15:25:33,457: Loading data took 35.65823197364807 seconds
2020-04-05 15:25:39,483: Loading data took 34.12955594062805 seconds
2020-04-05 15:25:41,681: Loading data took 33.193382024765015 seconds
2020-04-05 15:26:13,401: Processing data with <function extract_thresholded_eyes at 0x111f0d7a0> took 31.71895718574524 seconds for 2736 original items
2020-04-05 15:26:28,363: Processing data with <function extract_thresholded_eyes at 0x11bd867a0> took 48.87881803512573 seconds for 2736 original items
2020-04-05 15:27:09,182: Processing data with <function extract_thresholded_eyes at 0x11636a7a0> took 95.72214889526367 seconds for 2736 original items
2020-04-05 15:36:01,114: Loading data took 29.853030920028687 seconds
2020-04-05 15:37:18,028: Loading data took 29.426124095916748 seconds
2020-04-05 15:37:52,843: Processing data with <function extract_thresholded_eyes at 0x11392b7a0> took 111.72746801376343 seconds for 2736 original items
2020-04-05 15:38:06,177: Loading data took 37.22550177574158 seconds
2020-04-05 15:38:17,388: Processing data with <function extract_thresholded_eyes at 0x11d0c17a0> took 59.35835528373718 seconds for 2736 original items
2020-04-05 15:38:34,851: Processing data with <function extract_thresholded_eyes at 0x113b0e7a0> took 28.672958850860596 seconds for 2736 original items
